<?xml version="1.0" encoding="UTF-8"?>
<testng-results total="1" passed="1" failed="0" skipped="0">
  <reporter-output>
  </reporter-output>
  <suite started-at="2022-11-14T11:33:55Z" name="Default suite" finished-at="2022-11-14T11:34:35Z" duration-ms="40428">
    <groups>
    </groups>
    <test started-at="2022-11-14T11:33:55Z" name="Default test" finished-at="2022-11-14T11:34:35Z" duration-ms="40428">
      <class name="com.OrangeHRMLogin.LoginTest">
        <test-method signature="loginToApp()[pri:0, instance:com.OrangeHRMLogin.LoginTest@71e9ebae]" started-at="2022-11-14T17:03:55Z" name="loginToApp" finished-at="2022-11-14T17:04:35Z" duration-ms="40407" status="PASS">
          <reporter-output>
          </reporter-output>
        </test-method> <!-- loginToApp -->
      </class> <!-- com.OrangeHRMLogin.LoginTest -->
    </test> <!-- Default test -->
  </suite> <!-- Default suite -->
</testng-results>
